<?xml version="1.0" encoding="UTF-8"?>
<testsuite xmlns:xsi="http://www.w3.org/2001/XMLSchema-instance" xsi:noNamespaceSchemaLocation="https://maven.apache.org/surefire/maven-surefire-plugin/xsd/surefire-test-report.xsd" version="3.0.2" name="com.crudquiz.app.CrudquizApplicationTests" time="6.012" tests="1" errors="0" skipped="0" failures="0" flakes="0">
  <properties>
[...]
</properties>
  <testcase name="contextLoads" classname="com.crudquiz.app.CrudquizApplicationTests" time="0.478">
    <system-out><![CDATA[19:54:15.544 [main] INFO org.springframework.test.context.support.AnnotationConfigContextLoaderUtils -- Could not detect default configuration classes for test class [com.crudquiz.app.CrudquizApplicationTests]: CrudquizApplicationTests does not declare any static, non-private, non-final, nested classes annotated with @Configuration.
19:54:15.661 [main] INFO org.springframework.boot.test.context.SpringBootTestContextBootstrapper -- Found @SpringBootConfiguration com.crudquiz.app.CrudquizApplication for test class com.crudquiz.app.CrudquizApplicationTests
19:54:15.742 [main] INFO org.springframework.test.context.support.AnnotationConfigContextLoaderUtils -- Could not detect default configuration classes for test class [com.crudquiz.app.CrudquizApplicationTests]: CrudquizApplicationTests does not declare any static, non-private, non-final, nested classes annotated with @Configuration.
19:54:15.744 [main] INFO org.springframework.boot.test.context.SpringBootTestContextBootstrapper -- Found @SpringBootConfiguration com.crudquiz.app.CrudquizApplication for test class com.crudquiz.app.CrudquizApplicationTests
19:54:15.820 [main] INFO org.springframework.boot.devtools.restart.RestartApplicationListener -- Restart disabled due to context in which it is running

  .   ____          _            __ _ _
 /\\ / ___'_ __ _ _(_)_ __  __ _ \ \ \ \
( ( )\___ | '_ | '_| | '_ \/ _` | \ \ \ \
 \\/  ___)| |_)| | | | | || (_| |  ) ) ) )
  '  |____| .__|_| |_|_| |_\__, | / / / /
 =========|_|==============|___/=/_/_/_/

 :: Spring Boot ::                (v4.0.6)

2026-05-22T19:54:16.094-05:00  INFO 3792 --- [CRUDQUIZ] [           main] c.crudquiz.app.CrudquizApplicationTests  : Starting CrudquizApplicationTests using Java 23.0.2 with PID 3792 (started by steven in D:\TRABAJOS SPRINGBOOT\CRUDQUIZ)
2026-05-22T19:54:16.095-05:00  INFO 3792 --- [CRUDQUIZ] [           main] c.crudquiz.app.CrudquizApplicationTests  : No active profile set, falling back to 1 default profile: "default"
2026-05-22T19:54:17.020-05:00  INFO 3792 --- [CRUDQUIZ] [           main] .s.d.r.c.RepositoryConfigurationDelegate : Bootstrapping Spring Data JPA repositories in DEFAULT mode.
2026-05-22T19:54:17.085-05:00  INFO 3792 --- [CRUDQUIZ] [           main] .s.d.r.c.RepositoryConfigurationDelegate : Finished Spring Data repository scanning in 55 ms. Found 5 JPA repository interfaces.
2026-05-22T19:54:17.485-05:00  INFO 3792 --- [CRUDQUIZ] [           main] org.hibernate.orm.jpa                    : HHH008540: Processing PersistenceUnitInfo [name: default]
2026-05-22T19:54:17.550-05:00  INFO 3792 --- [CRUDQUIZ] [           main] org.hibernate.orm.core                   : HHH000001: Hibernate ORM core version 7.2.12.Final
2026-05-22T19:54:18.061-05:00  INFO 3792 --- [CRUDQUIZ] [           main] o.s.o.j.p.SpringPersistenceUnitInfo      : No LoadTimeWeaver setup: ignoring JPA class transformer
2026-05-22T19:54:18.099-05:00  INFO 3792 --- [CRUDQUIZ] [           main] com.zaxxer.hikari.HikariDataSource       : HikariPool-1 - Starting...
2026-05-22T19:54:18.267-05:00  INFO 3792 --- [CRUDQUIZ] [           main] com.zaxxer.hikari.pool.HikariPool        : HikariPool-1 - Added connection com.mysql.cj.jdbc.ConnectionImpl@2fca282c
2026-05-22T19:54:18.269-05:00  INFO 3792 --- [CRUDQUIZ] [           main] com.zaxxer.hikari.HikariDataSource       : HikariPool-1 - Start completed.
2026-05-22T19:54:18.304-05:00  WARN 3792 --- [CRUDQUIZ] [           main] org.hibernate.orm.core                   : HHH000511: The 5.5.5 version for [org.hibernate.dialect.MySQLDialect] is no longer supported, hence certain features may not work properly.The minimum supported version is 8.0.0. Check the community dialects project for available legacy versions.
2026-05-22T19:54:18.307-05:00  WARN 3792 --- [CRUDQUIZ] [           main] org.hibernate.orm.deprecation            : HHH90000025: MySQLDialect does not need to be specified explicitly using 'hibernate.dialect' (remove the property setting and it will be selected by default)
2026-05-22T19:54:18.324-05:00  INFO 3792 --- [CRUDQUIZ] [           main] org.hibernate.orm.connections.pooling    : HHH10001005: Database info:
	Database JDBC URL [jdbc:mysql://localhost:3306/futboldb?useSSL=false&serverTimezone=UTC]
	Database driver: MySQL Connector/J
	Database dialect: MySQLDialect
	Database version: 5.5.5
	Default catalog/schema: futboldb/undefined
	Autocommit mode: undefined/unknown
	Isolation level: REPEATABLE_READ [default REPEATABLE_READ]
	JDBC fetch size: none
	Pool: DataSourceConnectionProvider
	Minimum pool size: undefined/unknown
	Maximum pool size: undefined/unknown
2026-05-22T19:54:19.314-05:00  INFO 3792 --- [CRUDQUIZ] [           main] org.hibernate.orm.core                   : HHH000489: No JTA platform available (set 'hibernate.transaction.jta.platform' to enable JTA platform integration)
2026-05-22T19:54:19.596-05:00  INFO 3792 --- [CRUDQUIZ] [           main] j.LocalContainerEntityManagerFactoryBean : Initialized JPA EntityManagerFactory for persistence unit 'default'
2026-05-22T19:54:19.767-05:00  INFO 3792 --- [CRUDQUIZ] [           main] o.s.d.j.r.query.QueryEnhancerFactories   : Hibernate is in classpath; If applicable, HQL parser will be used.
2026-05-22T19:54:20.113-05:00  INFO 3792 --- [CRUDQUIZ] [           main] o.s.b.w.a.WelcomePageHandlerMapping      : Adding welcome page template: index
2026-05-22T19:54:20.834-05:00  INFO 3792 --- [CRUDQUIZ] [           main] c.crudquiz.app.CrudquizApplicationTests  : Started CrudquizApplicationTests in 5.025 seconds (process running for 6.349)
]]></system-out>
    <system-err><![CDATA[Mockito is currently self-attaching to enable the inline-mock-maker. This will no longer work in future releases of the JDK. Please add Mockito as an agent to your build as described in Mockito's documentation: https://javadoc.io/doc/org.mockito/mockito-core/latest/org.mockito/org/mockito/Mockito.html#0.3
WARNING: A Java agent has been loaded dynamically (C:\Users\sanch\.m2\repository\net\bytebuddy\byte-buddy-agent\1.17.8\byte-buddy-agent-1.17.8.jar)
WARNING: If a serviceability tool is in use, please run with -XX:+EnableDynamicAgentLoading to hide this warning
WARNING: If a serviceability tool is not in use, please run with -Djdk.instrument.traceUsage for more information
WARNING: Dynamic loading of agents will be disallowed by default in a future release
]]></system-err>
  </testcase>
</testsuite>